TN:
SF:controllers\analyticsController.js
FN:12,(anonymous_0)
FN:62,(anonymous_1)
FN:79,(anonymous_2)
FN:120,(anonymous_3)
FN:178,(anonymous_4)
FN:185,(anonymous_5)
FN:192,(anonymous_6)
FN:201,(anonymous_7)
FN:236,(anonymous_8)
FN:263,(anonymous_9)
FN:288,(anonymous_10)
FN:331,(anonymous_11)
FN:337,(anonymous_12)
FN:369,(anonymous_13)
FN:412,(anonymous_14)
FN:451,(anonymous_15)
FN:524,(anonymous_16)
FN:530,(anonymous_17)
FN:542,(anonymous_18)
FN:562,(anonymous_19)
FN:570,(anonymous_20)
FNF:21
FNH:0
FNDA:0,(anonymous_0)
FNDA:0,(anonymous_1)
FNDA:0,(anonymous_2)
FNDA:0,(anonymous_3)
FNDA:0,(anonymous_4)
FNDA:0,(anonymous_5)
FNDA:0,(anonymous_6)
FNDA:0,(anonymous_7)
FNDA:0,(anonymous_8)
FNDA:0,(anonymous_9)
FNDA:0,(anonymous_10)
FNDA:0,(anonymous_11)
FNDA:0,(anonymous_12)
FNDA:0,(anonymous_13)
FNDA:0,(anonymous_14)
FNDA:0,(anonymous_15)
FNDA:0,(anonymous_16)
FNDA:0,(anonymous_17)
FNDA:0,(anonymous_18)
FNDA:0,(anonymous_19)
FNDA:0,(anonymous_20)
DA:1,0
DA:2,0
DA:3,0
DA:4,0
DA:5,0
DA:12,0
DA:13,0
DA:15,0
DA:20,0
DA:23,0
DA:24,0
DA:27,0
DA:36,0
DA:41,0
DA:51,0
DA:56,0
DA:62,0
DA:63,0
DA:68,0
DA:79,0
DA:80,0
DA:84,0
DA:89,0
DA:92,0
DA:100,0
DA:105,0
DA:120,0
DA:129,0
DA:149,0
DA:159,0
DA:177,0
DA:178,0
DA:185,0
DA:192,0
DA:201,0
DA:204,0
DA:219,0
DA:226,0
DA:227,0
DA:236,0
DA:237,0
DA:238,0
DA:241,0
DA:245,0
DA:246,0
DA:250,0
DA:255,0
DA:262,0
DA:263,0
DA:264,0
DA:268,0
DA:278,0
DA:283,0
DA:288,0
DA:289,0
DA:294,0
DA:295,0
DA:305,0
DA:306,0
DA:311,0
DA:312,0
DA:314,0
DA:330,0
DA:331,0
DA:332,0
DA:333,0
DA:337,0
DA:343,0
DA:352,0
DA:359,0
DA:360,0
DA:369,0
DA:370,0
DA:371,0
DA:373,0
DA:374,0
DA:375,0
DA:379,0
DA:386,0
DA:393,0
DA:400,0
DA:407,0
DA:412,0
DA:413,0
DA:416,0
DA:425,0
DA:428,0
DA:434,0
DA:441,0
DA:442,0
DA:451,0
DA:452,0
DA:453,0
DA:456,0
DA:457,0
DA:459,0
DA:461,0
DA:462,0
DA:464,0
DA:465,0
DA:467,0
DA:468,0
DA:470,0
DA:471,0
DA:474,0
DA:478,0
DA:484,0
DA:485,0
DA:489,0
DA:503,0
DA:523,0
DA:524,0
DA:525,0
DA:526,0
DA:529,0
DA:530,0
DA:531,0
DA:532,0
DA:536,0
DA:537,0
DA:542,0
DA:543,0
DA:548,0
DA:562,0
DA:570,0
DA:579,0
DA:581,0
DA:584,0
DA:591,0
DA:592,0
DA:596,0
LF:131
LH:0
BRDA:36,0,0,0
BRDA:36,0,1,0
BRDA:51,1,0,0
BRDA:51,1,1,0
BRDA:63,2,0,0
BRDA:63,2,1,0
BRDA:80,3,0,0
BRDA:80,3,1,0
BRDA:84,4,0,0
BRDA:84,4,1,0
BRDA:100,5,0,0
BRDA:100,5,1,0
BRDA:245,6,0,0
BRDA:245,6,1,0
BRDA:278,7,0,0
BRDA:278,7,1,0
BRDA:289,8,0,0
BRDA:289,8,1,0
BRDA:305,9,0,0
BRDA:305,9,1,0
BRDA:333,10,0,0
BRDA:333,10,1,0
BRDA:374,11,0,0
BRDA:374,11,1,0
BRDA:413,12,0,0
BRDA:413,12,1,0
BRDA:453,13,0,0
BRDA:459,14,0,0
BRDA:459,14,1,0
BRDA:459,14,2,0
BRDA:459,14,3,0
BRDA:459,14,4,0
BRDA:484,15,0,0
BRDA:484,15,1,0
BRDA:505,16,0,0
BRDA:505,16,1,0
BRDA:525,17,0,0
BRDA:525,17,1,0
BRDA:531,18,0,0
BRDA:531,18,1,0
BRDA:536,19,0,0
BRDA:536,19,1,0
BRDA:537,20,0,0
BRDA:537,20,1,0
BRDA:543,21,0,0
BRDA:543,21,1,0
BRDA:549,22,0,0
BRDA:549,22,1,0
BRDA:579,23,0,0
BRDA:579,23,1,0
BRF:50
BRH:0
end_of_record
TN:
SF:controllers\authController.js
FN:15,(anonymous_0)
FN:80,(anonymous_1)
FN:185,(anonymous_2)
FN:223,(anonymous_3)
FN:274,(anonymous_4)
FN:322,(anonymous_5)
FN:342,(anonymous_6)
FN:385,(anonymous_7)
FNF:8
FNH:0
FNDA:0,(anonymous_0)
FNDA:0,(anonymous_1)
FNDA:0,(anonymous_2)
FNDA:0,(anonymous_3)
FNDA:0,(anonymous_4)
FNDA:0,(anonymous_5)
FNDA:0,(anonymous_6)
FNDA:0,(anonymous_7)
DA:1,0
DA:2,0
DA:3,0
DA:4,0
DA:5,0
DA:6,0
DA:7,0
DA:8,0
DA:15,0
DA:16,0
DA:17,0
DA:20,0
DA:24,0
DA:25,0
DA:29,0
DA:30,0
DA:33,0
DA:36,0
DA:49,0
DA:53,0
DA:62,0
DA:69,0
DA:70,0
DA:71,0
DA:80,0
DA:81,0
DA:82,0
DA:85,0
DA:86,0
DA:91,0
DA:92,0
DA:96,0
DA:97,0
DA:100,0
DA:101,0
DA:104,0
DA:106,0
DA:107,0
DA:108,0
DA:113,0
DA:114,0
DA:116,0
DA:117,0
DA:120,0
DA:121,0
DA:125,0
DA:126,0
DA:130,0
DA:143,0
DA:148,0
DA:156,0
DA:164,0
DA:170,0
DA:185,0
DA:186,0
DA:187,0
DA:190,0
DA:194,0
DA:195,0
DA:199,0
DA:207,0
DA:213,0
DA:214,0
DA:223,0
DA:224,0
DA:225,0
DA:228,0
DA:233,0
DA:234,0
DA:242,0
DA:243,0
DA:244,0
DA:247,0
DA:256,0
DA:258,0
DA:264,0
DA:265,0
DA:274,0
DA:275,0
DA:276,0
DA:279,0
DA:288,0
DA:289,0
DA:293,0
DA:294,0
DA:297,0
DA:306,0
DA:312,0
DA:313,0
DA:322,0
DA:323,0
DA:325,0
DA:332,0
DA:333,0
DA:342,0
DA:344,0
DA:345,0
DA:346,0
DA:350,0
DA:360,0
DA:368,0
DA:375,0
DA:376,0
DA:385,0
DA:386,0
DA:389,0
DA:390,0
DA:393,0
DA:403,0
DA:405,0
DA:406,0
DA:409,0
DA:410,0
DA:411,0
DA:416,0
DA:417,0
DA:420,0
DA:425,0
DA:431,0
DA:432,0
DA:438,0
LF:121
LH:0
BRDA:24,0,0,0
BRDA:24,0,1,0
BRDA:85,1,0,0
BRDA:85,1,1,0
BRDA:85,2,0,0
BRDA:85,2,1,0
BRDA:100,3,0,0
BRDA:100,3,1,0
BRDA:106,4,0,0
BRDA:106,4,1,0
BRDA:120,5,0,0
BRDA:120,5,1,0
BRDA:125,6,0,0
BRDA:125,6,1,0
BRDA:139,7,0,0
BRDA:139,7,1,0
BRDA:174,8,0,0
BRDA:174,8,1,0
BRDA:194,9,0,0
BRDA:194,9,1,0
BRDA:233,10,0,0
BRDA:233,10,1,0
BRDA:288,11,0,0
BRDA:288,11,1,0
BRDA:405,12,0,0
BRDA:405,12,1,0
BRDA:410,13,0,0
BRDA:410,13,1,0
BRF:28
BRH:0
end_of_record
TN:
SF:controllers\candidateController.js
FN:19,(anonymous_0)
FN:86,(anonymous_1)
FN:116,(anonymous_2)
FN:182,(anonymous_3)
FN:257,(anonymous_4)
FN:258,(anonymous_5)
FN:273,(anonymous_6)
FN:319,(anonymous_7)
FN:368,(anonymous_8)
FNF:9
FNH:0
FNDA:0,(anonymous_0)
FNDA:0,(anonymous_1)
FNDA:0,(anonymous_2)
FNDA:0,(anonymous_3)
FNDA:0,(anonymous_4)
FNDA:0,(anonymous_5)
FNDA:0,(anonymous_6)
FNDA:0,(anonymous_7)
FNDA:0,(anonymous_8)
DA:1,0
DA:2,0
DA:3,0
DA:4,0
DA:5,0
DA:6,0
DA:7,0
DA:8,0
DA:9,0
DA:10,0
DA:11,0
DA:12,0
DA:19,0
DA:20,0
DA:29,0
DA:32,0
DA:33,0
DA:34,0
DA:37,0
DA:40,0
DA:41,0
DA:45,0
DA:47,0
DA:48,0
DA:50,0
DA:55,0
DA:56,0
DA:64,0
DA:67,0
DA:68,0
DA:71,0
DA:86,0
DA:88,0
DA:89,0
DA:96,0
DA:98,0
DA:106,0
DA:107,0
DA:116,0
DA:117,0
DA:118,0
DA:121,0
DA:139,0
DA:140,0
DA:144,0
DA:145,0
DA:152,0
DA:154,0
DA:157,0
DA:158,0
DA:162,0
DA:165,0
DA:172,0
DA:173,0
DA:182,0
DA:183,0
DA:184,0
DA:185,0
DA:188,0
DA:192,0
DA:194,0
DA:195,0
DA:197,0
DA:201,0
DA:204,0
DA:205,0
DA:207,0
DA:210,0
DA:213,0
DA:233,0
DA:240,0
DA:243,0
DA:251,0
DA:257,0
DA:258,0
DA:263,0
DA:264,0
DA:273,0
DA:274,0
DA:275,0
DA:276,0
DA:279,0
DA:280,0
DA:281,0
DA:285,0
DA:289,0
DA:290,0
DA:294,0
DA:302,0
DA:309,0
DA:310,0
DA:319,0
DA:320,0
DA:321,0
DA:322,0
DA:323,0
DA:326,0
DA:330,0
DA:331,0
DA:335,0
DA:344,0
DA:351,0
DA:358,0
DA:359,0
DA:368,0
DA:369,0
DA:370,0
DA:373,0
DA:377,0
DA:378,0
DA:382,0
DA:383,0
DA:384,0
DA:385,0
DA:389,0
DA:393,0
DA:397,0
DA:403,0
DA:404,0
DA:408,0
LF:120
LH:0
BRDA:22,0,0,0
BRDA:23,1,0,0
BRDA:24,2,0,0
BRDA:27,3,0,0
BRDA:28,4,0,0
BRDA:40,5,0,0
BRDA:40,5,1,0
BRDA:45,6,0,0
BRDA:45,6,1,0
BRDA:47,7,0,0
BRDA:47,7,1,0
BRDA:55,8,0,0
BRDA:55,8,1,0
BRDA:139,9,0,0
BRDA:139,9,1,0
BRDA:152,10,0,0
BRDA:152,10,1,0
BRDA:192,11,0,0
BRDA:192,11,1,0
BRDA:216,12,0,0
BRDA:216,12,1,0
BRDA:280,13,0,0
BRDA:280,13,1,0
BRDA:289,14,0,0
BRDA:289,14,1,0
BRDA:330,15,0,0
BRDA:330,15,1,0
BRDA:377,16,0,0
BRDA:377,16,1,0
BRDA:382,17,0,0
BRDA:382,17,1,0
BRDA:384,18,0,0
BRDA:384,18,1,0
BRF:33
BRH:0
end_of_record
TN:
SF:controllers\interviewController.js
FN:12,(anonymous_0)
FN:93,(anonymous_1)
FN:124,(anonymous_2)
FN:178,(anonymous_3)
FN:268,(anonymous_4)
FN:373,(anonymous_5)
FN:407,(anonymous_6)
FNF:7
FNH:0
FNDA:0,(anonymous_0)
FNDA:0,(anonymous_1)
FNDA:0,(anonymous_2)
FNDA:0,(anonymous_3)
FNDA:0,(anonymous_4)
FNDA:0,(anonymous_5)
FNDA:0,(anonymous_6)
DA:1,0
DA:2,0
DA:3,0
DA:4,0
DA:5,0
DA:12,0
DA:13,0
DA:23,0
DA:26,0
DA:27,0
DA:28,0
DA:31,0
DA:34,0
DA:35,0
DA:39,0
DA:40,0
DA:44,0
DA:45,0
DA:49,0
DA:50,0
DA:51,0
DA:52,0
DA:53,0
DA:57,0
DA:58,0
DA:69,0
DA:72,0
DA:93,0
DA:94,0
DA:95,0
DA:104,0
DA:106,0
DA:114,0
DA:115,0
DA:124,0
DA:125,0
DA:126,0
DA:128,0
DA:149,0
DA:150,0
DA:154,0
DA:155,0
DA:161,0
DA:168,0
DA:169,0
DA:178,0
DA:179,0
DA:188,0
DA:191,0
DA:192,0
DA:196,0
DA:203,0
DA:204,0
DA:208,0
DA:209,0
DA:211,0
DA:212,0
DA:216,0
DA:231,0
DA:232,0
DA:242,0
DA:243,0
DA:244,0
DA:246,0
DA:251,0
DA:258,0
DA:259,0
DA:268,0
DA:269,0
DA:270,0
DA:280,0
DA:283,0
DA:291,0
DA:292,0
DA:296,0
DA:298,0
DA:299,0
DA:300,0
DA:301,0
DA:302,0
DA:303,0
DA:304,0
DA:307,0
DA:308,0
DA:309,0
DA:310,0
DA:311,0
DA:312,0
DA:315,0
DA:321,0
DA:322,0
DA:332,0
DA:333,0
DA:343,0
DA:344,0
DA:345,0
DA:351,0
DA:356,0
DA:363,0
DA:364,0
DA:373,0
DA:374,0
DA:375,0
DA:378,0
DA:382,0
DA:383,0
DA:387,0
DA:391,0
DA:397,0
DA:398,0
DA:407,0
DA:408,0
DA:409,0
DA:410,0
DA:413,0
DA:420,0
DA:421,0
DA:425,0
DA:427,0
DA:435,0
DA:444,0
DA:449,0
DA:456,0
DA:457,0
DA:461,0
LF:125
LH:0
BRDA:15,0,0,0
BRDA:16,1,0,0
BRDA:17,2,0,0
BRDA:34,3,0,0
BRDA:34,3,1,0
BRDA:39,4,0,0
BRDA:39,4,1,0
BRDA:44,5,0,0
BRDA:44,5,1,0
BRDA:50,6,0,0
BRDA:50,6,1,0
BRDA:52,7,0,0
BRDA:52,7,1,0
BRDA:57,8,0,0
BRDA:57,8,1,0
BRDA:74,9,0,0
BRDA:74,9,1,0
BRDA:149,10,0,0
BRDA:149,10,1,0
BRDA:187,11,0,0
BRDA:191,12,0,0
BRDA:191,12,1,0
BRDA:191,13,0,0
BRDA:191,13,1,0
BRDA:191,13,2,0
BRDA:191,13,3,0
BRDA:203,14,0,0
BRDA:203,14,1,0
BRDA:211,15,0,0
BRDA:211,15,1,0
BRDA:231,16,0,0
BRDA:231,16,1,0
BRDA:231,17,0,0
BRDA:231,17,1,0
BRDA:242,18,0,0
BRDA:242,18,1,0
BRDA:279,19,0,0
BRDA:291,20,0,0
BRDA:291,20,1,0
BRDA:298,21,0,0
BRDA:298,21,1,0
BRDA:298,22,0,0
BRDA:298,22,1,0
BRDA:301,23,0,0
BRDA:301,23,1,0
BRDA:307,24,0,0
BRDA:307,24,1,0
BRDA:308,25,0,0
BRDA:308,25,1,0
BRDA:309,26,0,0
BRDA:309,26,1,0
BRDA:310,27,0,0
BRDA:310,27,1,0
BRDA:311,28,0,0
BRDA:311,28,1,0
BRDA:312,29,0,0
BRDA:312,29,1,0
BRDA:321,30,0,0
BRDA:321,30,1,0
BRDA:321,31,0,0
BRDA:321,31,1,0
BRDA:332,32,0,0
BRDA:332,32,1,0
BRDA:332,33,0,0
BRDA:332,33,1,0
BRDA:343,34,0,0
BRDA:343,34,1,0
BRDA:343,35,0,0
BRDA:343,35,1,0
BRDA:343,35,2,0
BRDA:343,35,3,0
BRDA:382,36,0,0
BRDA:382,36,1,0
BRDA:420,37,0,0
BRDA:420,37,1,0
BRDA:425,38,0,0
BRDA:425,38,1,0
BRF:77
BRH:0
end_of_record
TN:
SF:controllers\jobController.js
FN:12,(anonymous_0)
FN:69,(anonymous_1)
FN:105,(anonymous_2)
FN:139,(anonymous_3)
FN:173,(anonymous_4)
FN:239,(anonymous_5)
FN:291,(anonymous_6)
FN:313,(anonymous_7)
FN:364,(anonymous_8)
FNF:9
FNH:0
FNDA:0,(anonymous_0)
FNDA:0,(anonymous_1)
FNDA:0,(anonymous_2)
FNDA:0,(anonymous_3)
FNDA:0,(anonymous_4)
FNDA:0,(anonymous_5)
FNDA:0,(anonymous_6)
FNDA:0,(anonymous_7)
FNDA:0,(anonymous_8)
DA:1,0
DA:2,0
DA:3,0
DA:4,0
DA:5,0
DA:12,0
DA:13,0
DA:21,0
DA:24,0
DA:25,0
DA:26,0
DA:29,0
DA:32,0
DA:33,0
DA:37,0
DA:38,0
DA:46,0
DA:49,0
DA:50,0
DA:53,0
DA:69,0
DA:71,0
DA:76,0
DA:78,0
DA:85,0
DA:87,0
DA:95,0
DA:96,0
DA:105,0
DA:106,0
DA:107,0
DA:110,0
DA:126,0
DA:127,0
DA:131,0
DA:139,0
DA:140,0
DA:144,0
DA:153,0
DA:154,0
DA:156,0
DA:163,0
DA:164,0
DA:173,0
DA:174,0
DA:187,0
DA:190,0
DA:191,0
DA:195,0
DA:196,0
DA:200,0
DA:201,0
DA:205,0
DA:222,0
DA:229,0
DA:230,0
DA:239,0
DA:240,0
DA:241,0
DA:254,0
DA:257,0
DA:261,0
DA:262,0
DA:266,0
DA:284,0
DA:290,0
DA:292,0
DA:296,0
DA:303,0
DA:304,0
DA:313,0
DA:314,0
DA:315,0
DA:317,0
DA:319,0
DA:323,0
DA:324,0
DA:325,0
DA:328,0
DA:331,0
DA:336,0
DA:340,0
DA:342,0
DA:343,0
DA:344,0
DA:347,0
DA:353,0
DA:354,0
DA:355,0
DA:364,0
DA:365,0
DA:366,0
DA:367,0
DA:370,0
DA:374,0
DA:375,0
DA:379,0
DA:381,0
DA:388,0
DA:389,0
DA:393,0
LF:101
LH:0
BRDA:15,0,0,0
BRDA:16,1,0,0
BRDA:17,2,0,0
BRDA:19,3,0,0
BRDA:20,4,0,0
BRDA:32,5,0,0
BRDA:32,5,1,0
BRDA:37,6,0,0
BRDA:37,6,1,0
BRDA:126,7,0,0
BRDA:126,7,1,0
BRDA:140,8,0,0
BRDA:140,8,1,0
BRDA:186,9,0,0
BRDA:190,10,0,0
BRDA:190,10,1,0
BRDA:190,11,0,0
BRDA:190,11,1,0
BRDA:190,11,2,0
BRDA:190,11,3,0
BRDA:190,11,4,0
BRDA:195,12,0,0
BRDA:195,12,1,0
BRDA:195,13,0,0
BRDA:195,13,1,0
BRDA:200,14,0,0
BRDA:200,14,1,0
BRDA:200,15,0,0
BRDA:200,15,1,0
BRDA:212,16,0,0
BRDA:212,16,1,0
BRDA:261,17,0,0
BRDA:261,17,1,0
BRDA:274,18,0,0
BRDA:274,18,1,0
BRDA:284,19,0,0
BRDA:284,19,1,0
BRDA:285,20,0,0
BRDA:285,20,1,0
BRDA:285,20,2,0
BRDA:323,21,0,0
BRDA:323,21,1,0
BRDA:343,22,0,0
BRDA:343,22,1,0
BRDA:367,23,0,0
BRDA:374,24,0,0
BRDA:374,24,1,0
BRF:47
BRH:0
end_of_record
TN:
SF:controllers\uploadController.js
FNF:0
FNH:0
LF:0
LH:0
BRF:0
BRH:0
end_of_record
TN:
SF:controllers\userController.js
FN:15,(anonymous_0)
FN:61,(anonymous_1)
FN:93,(anonymous_2)
FN:129,(anonymous_3)
FN:163,(anonymous_4)
FN:205,(anonymous_5)
FN:242,(anonymous_6)
FNF:7
FNH:0
FNDA:0,(anonymous_0)
FNDA:0,(anonymous_1)
FNDA:0,(anonymous_2)
FNDA:0,(anonymous_3)
FNDA:0,(anonymous_4)
FNDA:0,(anonymous_5)
FNDA:0,(anonymous_6)
DA:1,0
DA:2,0
DA:3,0
DA:4,0
DA:5,0
DA:15,0
DA:16,0
DA:17,0
DA:20,0
DA:21,0
DA:25,0
DA:33,0
DA:46,0
DA:49,0
DA:61,0
DA:62,0
DA:65,0
DA:82,0
DA:93,0
DA:94,0
DA:115,0
DA:116,0
DA:119,0
DA:129,0
DA:131,0
DA:134,0
DA:153,0
DA:163,0
DA:164,0
DA:167,0
DA:175,0
DA:176,0
DA:180,0
DA:181,0
DA:182,0
DA:186,0
DA:187,0
DA:190,0
DA:195,0
DA:205,0
DA:206,0
DA:209,0
DA:217,0
DA:218,0
DA:222,0
DA:223,0
DA:224,0
DA:228,0
DA:232,0
DA:242,0
DA:244,0
DA:259,0
DA:264,0
DA:277,0
DA:296,0
DA:309,0
DA:318,0
LF:57
LH:0
BRDA:20,0,0,0
BRDA:20,0,1,0
BRDA:51,1,0,0
BRDA:51,1,1,0
BRDA:69,2,0,0
BRDA:69,2,1,0
BRDA:70,3,0,0
BRDA:70,3,1,0
BRDA:71,4,0,0
BRDA:71,4,1,0
BRDA:72,5,0,0
BRDA:72,5,1,0
BRDA:75,6,0,0
BRDA:75,6,1,0
BRDA:76,7,0,0
BRDA:76,7,1,0
BRDA:77,8,0,0
BRDA:77,8,1,0
BRDA:78,9,0,0
BRDA:78,9,1,0
BRDA:115,10,0,0
BRDA:115,10,1,0
BRDA:175,11,0,0
BRDA:175,11,1,0
BRDA:181,12,0,0
BRDA:181,12,1,0
BRDA:217,13,0,0
BRDA:217,13,1,0
BRDA:223,14,0,0
BRDA:223,14,1,0
BRF:30
BRH:0
end_of_record
TN:
SF:middleware\auth.js
FN:61,(anonymous_0)
FNF:1
FNH:0
FNDA:0,(anonymous_0)
DA:1,0
DA:2,0
DA:3,0
DA:4,0
DA:61,0
DA:62,0
DA:64,0
DA:65,0
DA:66,0
DA:69,0
DA:71,0
DA:72,0
DA:75,0
DA:80,0
DA:81,0
DA:84,0
DA:91,0
DA:93,0
DA:94,0
DA:96,0
DA:99,0
DA:100,0
DA:104,0
LF:23
LH:0
BRDA:65,0,0,0
BRDA:65,0,1,0
BRDA:65,1,0,0
BRDA:65,1,1,0
BRDA:80,2,0,0
BRDA:80,2,1,0
BRDA:93,3,0,0
BRDA:93,3,1,0
BRF:8
BRH:0
end_of_record
TN:
SF:middleware\errorHandler.js
FN:7,(anonymous_0)
FNF:1
FNH:0
FNDA:0,(anonymous_0)
DA:1,0
DA:7,0
DA:9,0
DA:18,0
DA:21,0
DA:31,0
DA:32,0
DA:35,0
DA:38,0
LF:9
LH:0
BRDA:14,0,0,0
BRDA:14,0,1,0
BRDA:18,1,0,0
BRDA:18,1,1,0
BRDA:23,2,0,0
BRDA:23,2,1,0
BRDA:24,3,0,0
BRDA:24,3,1,0
BRDA:31,4,0,0
BRDA:31,4,1,0
BRDA:31,5,0,0
BRDA:31,5,1,0
BRF:12
BRH:0
end_of_record
TN:
SF:middleware\logger.js
FNF:0
FNH:0
LF:0
LH:0
BRF:0
BRH:0
end_of_record
TN:
SF:middleware\upload.js
FN:20,(anonymous_0)
FN:36,(anonymous_1)
FN:43,(anonymous_2)
FN:46,(anonymous_3)
FN:61,(anonymous_4)
FN:64,(anonymous_5)
FN:82,(anonymous_6)
FNF:7
FNH:0
FNDA:0,(anonymous_0)
FNDA:0,(anonymous_1)
FNDA:0,(anonymous_2)
FNDA:0,(anonymous_3)
FNDA:0,(anonymous_4)
FNDA:0,(anonymous_5)
FNDA:0,(anonymous_6)
DA:1,0
DA:2,0
DA:3,0
DA:4,0
DA:5,0
DA:6,0
DA:10,0
DA:11,0
DA:16,0
DA:20,0
DA:22,0
DA:28,0
DA:29,0
DA:31,0
DA:36,0
DA:38,0
DA:39,0
DA:44,0
DA:47,0
DA:48,0
DA:55,0
DA:56,0
DA:57,0
DA:60,0
DA:62,0
DA:65,0
DA:66,0
DA:73,0
DA:82,0
DA:83,0
DA:84,0
DA:85,0
DA:90,0
DA:94,0
DA:95,0
DA:100,0
DA:103,0
LF:37
LH:0
BRDA:10,0,0,0
BRDA:10,0,1,0
BRDA:28,1,0,0
BRDA:28,1,1,0
BRDA:38,2,0,0
BRDA:38,2,1,0
BRDA:56,3,0,0
BRDA:56,3,1,0
BRDA:77,4,0,0
BRDA:77,4,1,0
BRDA:83,5,0,0
BRDA:83,5,1,0
BRDA:84,6,0,0
BRDA:84,6,1,0
BRDA:94,7,0,0
BRDA:94,7,1,0
BRF:16
BRH:0
end_of_record
TN:
SF:middleware\validation.js
FN:7,(anonymous_0)
FN:8,(anonymous_1)
FN:17,(anonymous_2)
FNF:3
FNH:0
FNDA:0,(anonymous_0)
FNDA:0,(anonymous_1)
FNDA:0,(anonymous_2)
DA:7,0
DA:8,0
DA:9,0
DA:10,0
DA:15,0
DA:17,0
DA:22,0
DA:30,0
DA:31,0
DA:35,0
LF:10
LH:0
BRDA:7,0,0,0
BRDA:15,1,0,0
BRDA:15,1,1,0
BRF:3
BRH:0
end_of_record
TN:
SF:routes\analyticsRoutes.js
FNF:0
FNH:0
DA:1,0
DA:2,0
DA:3,0
DA:4,0
DA:7,0
DA:10,0
DA:13,0
DA:16,0
DA:19,0
DA:21,0
LF:10
LH:0
BRF:0
BRH:0
end_of_record
TN:
SF:routes\authRoutes.js
FNF:0
FNH:0
DA:1,0
DA:2,0
DA:3,0
DA:4,0
DA:5,0
DA:6,0
DA:9,0
DA:35,0
DA:48,0
DA:56,0
DA:65,0
DA:78,0
DA:94,0
DA:107,0
DA:108,0
DA:109,0
DA:110,0
DA:111,0
DA:114,0
DA:115,0
DA:116,0
DA:118,0
LF:22
LH:0
BRF:0
BRH:0
end_of_record
TN:
SF:routes\candidateRoutes.js
FNF:0
FNH:0
DA:1,0
DA:2,0
DA:3,0
DA:4,0
DA:5,0
DA:6,0
DA:7,0
DA:10,0
DA:14,0
DA:21,0
DA:24,0
DA:27,0
DA:30,0
DA:38,0
DA:45,0
DA:52,0
DA:54,0
LF:17
LH:0
BRF:0
BRH:0
end_of_record
TN:
SF:routes\index.js
FN:11,(anonymous_0)
FNF:1
FNH:0
FNDA:0,(anonymous_0)
DA:1,0
DA:2,0
DA:3,0
DA:4,0
DA:5,0
DA:6,0
DA:7,0
DA:8,0
DA:11,0
DA:12,0
DA:20,0
DA:21,0
DA:22,0
DA:23,0
DA:24,0
DA:25,0
DA:27,0
LF:17
LH:0
BRF:0
BRH:0
end_of_record
TN:
SF:routes\interviewRoutes.js
FNF:0
FNH:0
DA:1,0
DA:2,0
DA:3,0
DA:4,0
DA:5,0
DA:6,0
DA:9,0
DA:19,0
DA:30,0
DA:35,0
DA:38,0
DA:41,0
DA:44,0
DA:47,0
DA:50,0
DA:53,0
DA:55,0
LF:17
LH:0
BRF:0
BRH:0
end_of_record
TN:
SF:routes\jobRoutes.js
FNF:0
FNH:0
DA:1,0
DA:2,0
DA:3,0
DA:4,0
DA:5,0
DA:6,0
DA:9,0
DA:49,0
DA:59,0
DA:60,0
DA:61,0
DA:62,0
DA:63,0
DA:66,0
DA:68,0
LF:15
LH:0
BRF:0
BRH:0
end_of_record
TN:
SF:routes\users.js
FNF:0
FNH:0
DA:1,0
DA:2,0
DA:3,0
DA:4,0
DA:5,0
DA:6,0
DA:7,0
DA:10,0
DA:17,0
DA:35,0
DA:51,0
DA:58,0
DA:75,0
DA:89,0
DA:90,0
DA:91,0
DA:94,0
LF:17
LH:0
BRF:0
BRH:0
end_of_record
TN:
SF:services\authService.js
FNF:0
FNH:0
LF:0
LH:0
BRF:0
BRH:0
end_of_record
TN:
SF:services\cvParserService.js
FN:19,(anonymous_0)
FN:79,(anonymous_1)
FN:107,(anonymous_2)
FNF:3
FNH:0
FNDA:0,(anonymous_0)
FNDA:0,(anonymous_1)
FNDA:0,(anonymous_2)
DA:1,0
DA:2,0
DA:3,0
DA:4,0
DA:5,0
DA:6,0
DA:7,0
DA:19,0
DA:20,0
DA:22,0
DA:30,0
DA:31,0
DA:35,0
DA:47,0
DA:55,0
DA:56,0
DA:60,0
DA:62,0
DA:65,0
DA:66,0
DA:67,0
DA:70,0
DA:79,0
DA:81,0
DA:85,0
DA:86,0
DA:89,0
DA:107,0
DA:108,0
DA:110,0
DA:111,0
DA:112,0
DA:113,0
DA:119,0
DA:127,0
DA:130,0
LF:36
LH:0
BRDA:22,0,0,0
BRDA:22,0,1,0
BRDA:30,1,0,0
BRDA:30,1,1,0
BRDA:35,2,0,0
BRDA:35,2,1,0
BRDA:55,3,0,0
BRDA:55,3,1,0
BRDA:65,4,0,0
BRDA:65,4,1,0
BRDA:65,5,0,0
BRDA:65,5,1,0
BRDA:86,6,0,0
BRDA:86,6,1,0
BRF:14
BRH:0
end_of_record
TN:
SF:services\emailService.js
FN:14,(anonymous_0)
FN:49,(anonymous_1)
FN:87,(anonymous_2)
FN:109,(anonymous_3)
FN:132,(anonymous_4)
FNF:5
FNH:0
FNDA:0,(anonymous_0)
FNDA:0,(anonymous_1)
FNDA:0,(anonymous_2)
FNDA:0,(anonymous_3)
FNDA:0,(anonymous_4)
DA:1,0
DA:2,0
DA:3,0
DA:6,0
DA:7,0
DA:14,0
DA:15,0
DA:17,0
DA:18,0
DA:21,0
DA:31,0
DA:33,0
DA:39,0
DA:49,0
DA:50,0
DA:51,0
DA:64,0
DA:66,0
DA:67,0
DA:70,0
DA:71,0
DA:72,0
DA:75,0
DA:77,0
DA:78,0
DA:87,0
DA:88,0
DA:90,0
DA:101,0
DA:109,0
DA:110,0
DA:112,0
DA:123,0
DA:132,0
DA:133,0
DA:134,0
DA:141,0
DA:157,0
DA:160,0
LF:39
LH:0
BRDA:6,0,0,0
BRDA:6,0,1,0
BRDA:15,1,0,0
BRDA:15,1,1,0
BRDA:59,2,0,0
BRDA:59,2,1,0
BRDA:64,3,0,0
BRDA:64,3,1,0
BRDA:88,4,0,0
BRDA:88,4,1,0
BRDA:150,5,0,0
BRDA:150,5,1,0
BRF:12
BRH:0
end_of_record
TN:
SF:services\matchingService.js
FN:16,(anonymous_0)
FN:26,(anonymous_1)
FN:62,(anonymous_2)
FN:104,(anonymous_3)
FN:130,(anonymous_4)
FN:147,(anonymous_5)
FN:154,(anonymous_6)
FN:167,(anonymous_7)
FNF:8
FNH:0
FNDA:0,(anonymous_0)
FNDA:0,(anonymous_1)
FNDA:0,(anonymous_2)
FNDA:0,(anonymous_3)
FNDA:0,(anonymous_4)
FNDA:0,(anonymous_5)
FNDA:0,(anonymous_6)
FNDA:0,(anonymous_7)
DA:1,0
DA:2,0
DA:3,0
DA:4,0
DA:16,0
DA:17,0
DA:26,0
DA:27,0
DA:29,0
DA:33,0
DA:37,0
DA:38,0
DA:42,0
DA:45,0
DA:50,0
DA:52,0
DA:53,0
DA:62,0
DA:63,0
DA:65,0
DA:69,0
DA:70,0
DA:74,0
DA:79,0
DA:80,0
DA:81,0
DA:83,0
DA:88,0
DA:91,0
DA:93,0
DA:94,0
DA:104,0
DA:105,0
DA:107,0
DA:117,0
DA:119,0
DA:120,0
DA:130,0
DA:131,0
DA:133,0
DA:137,0
DA:138,0
DA:142,0
DA:147,0
DA:153,0
DA:154,0
DA:157,0
DA:158,0
DA:167,0
DA:168,0
DA:170,0
DA:171,0
DA:173,0
DA:174,0
DA:178,0
LF:55
LH:0
BRDA:37,0,0,0
BRDA:37,0,1,0
BRDA:37,1,0,0
BRDA:37,1,1,0
BRDA:69,2,0,0
BRDA:69,2,1,0
BRDA:104,3,0,0
BRDA:130,4,0,0
BRDA:137,5,0,0
BRDA:137,5,1,0
BRF:10
BRH:0
end_of_record
TN:
SF:services\storageService.js
FN:23,(anonymous_0)
FN:57,(anonymous_1)
FN:94,(anonymous_2)
FNF:3
FNH:0
FNDA:0,(anonymous_0)
FNDA:0,(anonymous_1)
FNDA:0,(anonymous_2)
DA:1,0
DA:2,0
DA:3,0
DA:4,0
DA:8,0
DA:9,0
DA:14,0
DA:23,0
DA:24,0
DA:25,0
DA:27,0
DA:33,0
DA:36,0
DA:39,0
DA:40,0
DA:44,0
DA:47,0
DA:48,0
DA:57,0
DA:58,0
DA:59,0
DA:61,0
DA:66,0
DA:67,0
DA:70,0
DA:72,0
DA:73,0
DA:74,0
DA:76,0
DA:77,0
DA:81,0
DA:83,0
DA:84,0
DA:94,0
DA:95,0
DA:96,0
DA:98,0
DA:104,0
DA:105,0
DA:108,0
DA:109,0
DA:111,0
DA:113,0
DA:114,0
DA:115,0
DA:119,0
DA:120,0
DA:122,0
DA:123,0
DA:127,0
DA:129,0
DA:130,0
DA:134,0
LF:53
LH:0
BRDA:8,0,0,0
BRDA:8,0,1,0
BRDA:23,1,0,0
BRDA:25,2,0,0
BRDA:25,2,1,0
BRDA:39,3,0,0
BRDA:39,3,1,0
BRDA:59,4,0,0
BRDA:59,4,1,0
BRDA:72,5,0,0
BRDA:72,5,1,0
BRDA:96,6,0,0
BRDA:96,6,1,0
BRDA:111,7,0,0
BRDA:111,7,1,0
BRDA:114,8,0,0
BRDA:114,8,1,0
BRF:17
BRH:0
end_of_record
TN:
SF:utils\ApiError.js
FN:6,(anonymous_0)
FNF:1
FNH:1
FNDA:7,(anonymous_0)
DA:7,7
DA:8,7
DA:9,7
DA:11,7
DA:12,1
DA:14,6
DA:19,1
LF:7
LH:7
BRDA:6,0,0,5
BRDA:6,1,0,6
BRDA:11,2,0,1
BRDA:11,2,1,6
BRF:4
BRH:4
end_of_record
TN:
SF:utils\apiResponse.js
FN:14,(anonymous_0)
FN:36,(anonymous_1)
FN:60,(anonymous_2)
FNF:3
FNH:3
FNDA:2,(anonymous_0)
FNDA:5,(anonymous_1)
FNDA:7,(anonymous_2)
DA:14,1
DA:15,2
DA:21,2
DA:22,1
DA:25,2
DA:36,1
DA:38,5
DA:40,5
DA:47,5
DA:48,1
DA:51,5
DA:60,1
DA:61,7
DA:63,7
DA:71,1
LF:15
LH:15
BRDA:21,0,0,1
BRDA:21,0,1,1
BRDA:42,1,0,2
BRDA:42,1,1,3
BRDA:42,2,0,5
BRDA:42,2,1,3
BRDA:47,3,0,1
BRDA:47,3,1,4
BRDA:47,4,0,5
BRDA:47,4,1,2
BRF:10
BRH:10
end_of_record
TN:
SF:utils\asyncHandler.js
FN:8,(anonymous_0)
FN:8,(anonymous_1)
FNF:2
FNH:0
FNDA:0,(anonymous_0)
FNDA:0,(anonymous_1)
DA:8,0
DA:9,0
DA:12,0
LF:3
LH:0
BRF:0
BRH:0
end_of_record
TN:
SF:utils\helpers.js
FN:9,(anonymous_0)
FN:19,(anonymous_1)
FN:31,(anonymous_2)
FN:45,(anonymous_3)
FN:68,(anonymous_4)
FN:78,(anonymous_5)
FN:79,(anonymous_6)
FN:83,(anonymous_7)
FN:84,(anonymous_8)
FN:122,(anonymous_9)
FN:123,(anonymous_10)
FN:126,(anonymous_11)
FN:127,(anonymous_12)
FNF:13
FNH:0
FNDA:0,(anonymous_0)
FNDA:0,(anonymous_1)
FNDA:0,(anonymous_2)
FNDA:0,(anonymous_3)
FNDA:0,(anonymous_4)
FNDA:0,(anonymous_5)
FNDA:0,(anonymous_6)
FNDA:0,(anonymous_7)
FNDA:0,(anonymous_8)
FNDA:0,(anonymous_9)
FNDA:0,(anonymous_10)
FNDA:0,(anonymous_11)
FNDA:0,(anonymous_12)
DA:1,0
DA:2,0
DA:9,0
DA:10,0
DA:19,0
DA:20,0
DA:21,0
DA:22,0
DA:23,0
DA:31,0
DA:32,0
DA:33,0
DA:36,0
DA:45,0
DA:47,0
DA:59,0
DA:68,0
DA:69,0
DA:70,0
DA:73,0
DA:74,0
DA:76,0
DA:78,0
DA:79,0
DA:82,0
DA:83,0
DA:84,0
DA:85,0
DA:90,0
DA:91,0
DA:95,0
DA:96,0
DA:98,0
DA:100,0
DA:106,0
DA:110,0
DA:111,0
DA:113,0
DA:118,0
DA:119,0
DA:121,0
DA:122,0
DA:123,0
DA:125,0
DA:126,0
DA:127,0
DA:128,0
DA:132,0
DA:133,0
DA:136,0
DA:140,0
DA:143,0
LF:52
LH:0
BRDA:9,0,0,0
BRDA:19,1,0,0
BRDA:32,2,0,0
BRDA:32,2,1,0
BRDA:48,3,0,0
BRDA:48,3,1,0
BRDA:49,4,0,0
BRDA:49,4,1,0
BRDA:50,5,0,0
BRDA:50,5,1,0
BRDA:51,6,0,0
BRDA:51,6,1,0
BRDA:52,7,0,0
BRDA:52,7,1,0
BRDA:53,8,0,0
BRDA:53,8,1,0
BRDA:54,9,0,0
BRDA:54,9,1,0
BRDA:55,10,0,0
BRDA:55,10,1,0
BRDA:56,11,0,0
BRDA:56,11,1,0
BRDA:76,12,0,0
BRDA:76,12,1,0
BRDA:76,13,0,0
BRDA:76,13,1,0
BRDA:76,13,2,0
BRDA:76,13,3,0
BRDA:84,14,0,0
BRDA:84,14,1,0
BRDA:84,15,0,0
BRDA:84,15,1,0
BRDA:90,16,0,0
BRDA:90,16,1,0
BRDA:98,17,0,0
BRDA:98,17,1,0
BRDA:98,18,0,0
BRDA:98,18,1,0
BRDA:106,19,0,0
BRDA:106,19,1,0
BRDA:110,20,0,0
BRDA:110,20,1,0
BRDA:121,21,0,0
BRDA:121,21,1,0
BRDA:121,22,0,0
BRDA:121,22,1,0
BRDA:121,22,2,0
BRDA:127,23,0,0
BRDA:127,23,1,0
BRDA:127,24,0,0
BRDA:127,24,1,0
BRDA:132,25,0,0
BRDA:132,25,1,0
BRDA:140,26,0,0
BRDA:140,26,1,0
BRF:55
BRH:0
end_of_record
TN:
SF:utils\logger.js
FN:36,(anonymous_0)
FNF:1
FNH:0
FNDA:0,(anonymous_0)
DA:1,0
DA:2,0
DA:5,0
DA:13,0
DA:22,0
DA:25,0
DA:33,0
DA:36,0
DA:41,0
DA:53,0
DA:54,0
DA:68,0
DA:75,0
LF:13
LH:0
BRDA:36,0,0,0
BRDA:36,0,1,0
BRDA:53,1,0,0
BRDA:53,1,1,0
BRDA:69,2,0,0
BRDA:69,2,1,0
BRF:6
BRH:0
end_of_record
TN:
SF:utils\responseFormat.js
FNF:0
FNH:0
LF:0
LH:0
BRF:0
BRH:0
end_of_record
